============================= test session starts =============================
platform win32 -- Python 3.10.20, pytest-9.0.3, pluggy-1.6.0 -- C:\Users\rs577\miniconda3\envs\multi_city\python.exe
cachedir: .pytest_cache
dvc-bench: DVCBenchConfig()
rootdir: C:\Users\rs577\Project Data\Multi_city_property_price_prediction_engine\Multicity_property_price_predicton
plugins: anyio-4.13.0, hydra-core-1.3.2, asyncio-1.3.0, dvc-2.58.2
asyncio: mode=strict, debug=False, asyncio_default_fixture_loop_scope=None, asyncio_default_test_loop_scope=function
collecting ... collected 218 items

tests/test_api.py::TestRootEndpoint::test_root_returns_200 PASSED        [  0%]
tests/test_api.py::TestRootEndpoint::test_root_contains_cities PASSED    [  0%]
tests/test_api.py::TestRootEndpoint::test_root_all_13_cities_present PASSED [  1%]
tests/test_api.py::TestRootEndpoint::test_root_contains_endpoints PASSED [  1%]
tests/test_api.py::TestRootEndpoint::test_root_version_is_3 PASSED       [  2%]
tests/test_api.py::TestHealthEndpoint::test_health_returns_200 PASSED    [  2%]
tests/test_api.py::TestHealthEndpoint::test_health_status_healthy PASSED [  3%]
tests/test_api.py::TestHealthEndpoint::test_health_has_models_loaded PASSED [  3%]
tests/test_api.py::TestHealthEndpoint::test_health_has_uptime PASSED     [  4%]
tests/test_api.py::TestHealthEndpoint::test_health_n_cities_is_13 PASSED [  4%]
tests/test_api.py::TestHealthEndpoint::test_health_has_shap_mode PASSED  [  5%]
tests/test_api.py::TestModelInfoEndpoint::test_model_info_returns_200 PASSED [  5%]
tests/test_api.py::TestModelInfoEndpoint::test_model_info_has_cities PASSED [  5%]
tests/test_api.py::TestModelInfoEndpoint::test_model_info_has_city_mapes PASSED [  6%]
tests/test_api.py::TestModelInfoEndpoint::test_model_info_has_weights PASSED [  6%]
tests/test_api.py::TestPredictValidation::test_invalid_city_returns_error PASSED [  7%]
tests/test_api.py::TestPredictValidation::test_all_13_cities_pass_validation PASSED [  7%]
tests/test_api.py::TestPredictValidation::test_invalid_cities_rejected PASSED [  8%]
tests/test_api.py::TestPredictValidation::test_all_valid_property_types_pass PASSED [  8%]
tests/test_api.py::TestPredictValidation::test_invalid_property_type_rejected PASSED [  9%]
tests/test_api.py::TestPredictValidation::test_area_below_minimum_returns_422 PASSED [  9%]
tests/test_api.py::TestPredictValidation::test_area_above_maximum_returns_422 PASSED [ 10%]
tests/test_api.py::TestPredictValidation::test_valid_plot_area_accepted PASSED [ 10%]
tests/test_api.py::TestPredictValidation::test_bhk_above_max_returns_422 PASSED [ 11%]
tests/test_api.py::TestPredictValidation::test_plot_bhk_zero_accepted PASSED [ 11%]
tests/test_api.py::TestPredictValidation::test_missing_city_returns_422 PASSED [ 11%]
tests/test_api.py::TestPredictValidation::test_missing_area_returns_422 PASSED [ 12%]
tests/test_api.py::TestPredictValidation::test_missing_bhk_returns_422 PASSED [ 12%]
tests/test_api.py::TestPredictValidation::test_nearby_flags_accepted PASSED [ 13%]
tests/test_api.py::TestPredictValidation::test_amenity_flags_accepted PASSED [ 13%]
tests/test_api.py::TestPredictValidation::test_osm_distances_accepted PASSED [ 14%]
tests/test_api.py::TestPredictValidation::test_unknown_osm_minus_one_accepted PASSED [ 14%]
tests/test_api.py::TestRecommendEndpoint::test_valid_request_returns_200_or_503 PASSED [ 15%]
tests/test_api.py::TestRecommendEndpoint::test_all_13_cities_accepted PASSED [ 15%]
tests/test_api.py::TestRecommendEndpoint::test_invalid_city_rejected PASSED [ 16%]
tests/test_api.py::TestRecommendEndpoint::test_missing_budget_returns_422 PASSED [ 16%]
tests/test_api.py::TestRecommendEndpoint::test_top_n_max_respected PASSED [ 16%]
tests/test_api.py::TestRecommendEndpoint::test_top_n_min_respected PASSED [ 17%]
tests/test_api.py::TestAnalyticsEndpoint::test_analytics_list_returns_200 PASSED [ 17%]
tests/test_api.py::TestAnalyticsEndpoint::test_analytics_missing_report_returns_404 PASSED [ 18%]
tests/test_api.py::TestAnalyticsEndpoint::test_analytics_path_traversal_blocked PASSED [ 18%]
tests/test_api.py::TestAnalyticsEndpoint::test_analytics_json_extension_added_auto PASSED [ 19%]
tests/test_cleaning.py::TestParsePrice::test_crore_with_symbol PASSED    [ 19%]
tests/test_cleaning.py::TestParsePrice::test_lakh_string PASSED          [ 20%]
tests/test_cleaning.py::TestParsePrice::test_raw_rupees_large PASSED     [ 20%]
tests/test_cleaning.py::TestParsePrice::test_price_on_request_returns_nan PASSED [ 21%]
tests/test_cleaning.py::TestParsePrice::test_empty_string_returns_nan PASSED [ 21%]
tests/test_cleaning.py::TestParsePrice::test_crore_without_symbol PASSED [ 22%]
tests/test_cleaning.py::TestParsePrice::test_lakh_full_word PASSED       [ 22%]
tests/test_cleaning.py::TestParsePrice::test_nan_input_returns_nan PASSED [ 22%]
tests/test_cleaning.py::TestParsePrice::test_priced_string_format PASSED [ 23%]
tests/test_cleaning.py::TestParsePrice::test_paisa_int_format PASSED     [ 23%]
tests/test_cleaning.py::TestParsePrice::test_paisa_small_value PASSED    [ 24%]
tests/test_cleaning.py::TestParsePrice::test_already_crore_float PASSED  [ 24%]
tests/test_cleaning.py::TestParsePrice::test_contact_returns_nan PASSED  [ 25%]
tests/test_cleaning.py::TestParsePrice::test_call_returns_nan PASSED     [ 25%]
tests/test_cleaning.py::TestParsePrice::test_mumbai_luxury_price PASSED  [ 26%]
tests/test_cleaning.py::TestParseArea::test_sqft_string PASSED           [ 26%]
tests/test_cleaning.py::TestParseArea::test_sqm_conversion PASSED        [ 27%]
tests/test_cleaning.py::TestParseArea::test_range_takes_midpoint PASSED  [ 27%]
tests/test_cleaning.py::TestParseArea::test_bigha_conversion PASSED      [ 27%]
tests/test_cleaning.py::TestParseArea::test_plain_number_defaults_sqft PASSED [ 28%]
tests/test_cleaning.py::TestParseArea::test_empty_returns_nan PASSED     [ 28%]
tests/test_cleaning.py::TestParseArea::test_numeric_float_passthrough PASSED [ 29%]
tests/test_cleaning.py::TestParseArea::test_numeric_int_passthrough PASSED [ 29%]
tests/test_cleaning.py::TestParseArea::test_sq_yrd_plot_conversion PASSED [ 30%]
tests/test_cleaning.py::TestParseArea::test_marla_conversion PASSED      [ 30%]
tests/test_cleaning.py::TestParseArea::test_zero_returns_nan PASSED      [ 31%]
tests/test_cleaning.py::TestParseFloor::test_out_of_format PASSED        [ 31%]
tests/test_cleaning.py::TestParseFloor::test_ground_out_of PASSED        [ 32%]
tests/test_cleaning.py::TestParseFloor::test_ground_only PASSED          [ 32%]
tests/test_cleaning.py::TestParseFloor::test_non_breaking_space PASSED   [ 33%]
tests/test_cleaning.py::TestParseFloor::test_six_plus PASSED             [ 33%]
tests/test_cleaning.py::TestParseFloor::test_empty_returns_default PASSED [ 33%]
tests/test_cleaning.py::TestParseFloor::test_plot_ground_floor PASSED    [ 34%]
tests/test_cleaning.py::TestParseFloor::test_slash_format PASSED         [ 34%]
tests/test_cleaning.py::TestParseBhk::test_normal_bhk PASSED             [ 35%]
tests/test_cleaning.py::TestParseBhk::test_string_bhk PASSED             [ 35%]
tests/test_cleaning.py::TestParseBhk::test_plot_always_zero PASSED       [ 36%]
tests/test_cleaning.py::TestParseBhk::test_nan_flat_defaults_two PASSED  [ 36%]
tests/test_cleaning.py::TestParseBhk::test_zero_preserved_for_plot PASSED [ 37%]
tests/test_cleaning.py::TestParseBhk::test_float_bhk PASSED              [ 37%]
tests/test_cleaning.py::TestBusinessFilters::test_removes_bhk_above_10 PASSED [ 38%]
tests/test_cleaning.py::TestBusinessFilters::test_removes_area_below_minimum_flat PASSED [ 38%]
tests/test_cleaning.py::TestBusinessFilters::test_keeps_valid_rows PASSED [ 38%]
tests/test_cleaning.py::TestBusinessFilters::test_plot_bhk_zero_not_removed PASSED [ 39%]
tests/test_cleaning.py::TestBusinessFilters::test_plot_area_bounds_larger PASSED [ 39%]
tests/test_cleaning.py::TestBusinessFilters::test_all_13_cities_have_ppsf_bounds PASSED [ 40%]
tests/test_cleaning.py::TestBusinessFilters::test_plot_type_not_in_ppsf_check PASSED [ 40%]
tests/test_cleaning.py::TestCityTier::test_three_tiers_created PASSED    [ 41%]
tests/test_cleaning.py::TestCityTier::test_tier1_has_highest_prices PASSED [ 41%]
tests/test_cleaning.py::TestCityTier::test_all_13_cities_tiered_independently PASSED [ 42%]
tests/test_cleaning.py::TestCityTier::test_kota_tier1_below_mumbai_tier3 PASSED [ 42%]
tests/test_cleaning.py::TestFixDataTypes::test_lat_lng_float_cast PASSED [ 43%]
tests/test_cleaning.py::TestFixDataTypes::test_out_of_india_coords_zeroed PASSED [ 43%]
tests/test_cleaning.py::TestFixDataTypes::test_rera_approved_binary PASSED [ 44%]
tests/test_cleaning.py::TestFixDataTypes::test_plot_bhk_stays_zero PASSED [ 44%]
tests/test_cleaning.py::TestFixDataTypes::test_missing_lat_lng_filled_zero PASSED [ 44%]
tests/test_features.py::TestAmenitiesFull::test_pool_gym_lift_score PASSED [ 45%]
tests/test_features.py::TestAmenitiesFull::test_empty_string_returns_zero PASSED [ 45%]
tests/test_features.py::TestAmenitiesFull::test_nan_returns_zero PASSED  [ 46%]
tests/test_features.py::TestAmenitiesFull::test_pool_flag_set PASSED     [ 46%]
tests/test_features.py::TestAmenitiesFull::test_security_flag_set PASSED [ 47%]
tests/test_features.py::TestAmenitiesFull::test_no_match_flags_zero PASSED [ 47%]
tests/test_features.py::TestAmenitiesFull::test_amenity_count_correct PASSED [ 48%]
tests/test_features.py::TestAmenitiesFull::test_tier_luxury PASSED       [ 48%]
tests/test_features.py::TestAmenitiesFull::test_tier_none PASSED         [ 49%]
tests/test_features.py::TestAmenitiesFull::test_tier_basic PASSED        [ 49%]
tests/test_features.py::TestAmenitiesFull::test_all_flags_present_in_output PASSED [ 50%]
tests/test_features.py::TestAvgRating::test_direct_float PASSED          [ 50%]
tests/test_features.py::TestAvgRating::test_string_format PASSED         [ 50%]
tests/test_features.py::TestAvgRating::test_nan_returns_nan PASSED       [ 51%]
tests/test_features.py::TestAvgRating::test_over_five_scale_converts PASSED [ 51%]
tests/test_features.py::TestAvgRating::test_valid_range_preserved PASSED [ 52%]
tests/test_features.py::TestFurnishScore::test_unfurnished_zero PASSED   [ 52%]
tests/test_features.py::TestFurnishScore::test_semi_furnished_half PASSED [ 53%]
tests/test_features.py::TestFurnishScore::test_furnished_one PASSED      [ 53%]
tests/test_features.py::TestFurnishScore::test_nan_returns_zero PASSED   [ 54%]
tests/test_features.py::TestFurnishScore::test_case_insensitive PASSED   [ 54%]
tests/test_features.py::TestPropertyTypeFlags::test_flat_flag PASSED     [ 55%]
tests/test_features.py::TestPropertyTypeFlags::test_house_flag PASSED    [ 55%]
tests/test_features.py::TestPropertyTypeFlags::test_plot_flag PASSED     [ 55%]
tests/test_features.py::TestPropertyTypeFlags::test_independent_floor_flag PASSED [ 56%]
tests/test_features.py::TestPropertyTypeFlags::test_flags_mutually_exclusive PASSED [ 56%]
tests/test_features.py::TestPropertyTypeFlags::test_all_13_city_data_has_valid_types PASSED [ 57%]
tests/test_features.py::TestRatioFeatures::test_bath_per_bed_computed PASSED [ 57%]
tests/test_features.py::TestRatioFeatures::test_log_area_positive PASSED [ 58%]
tests/test_features.py::TestRatioFeatures::test_area_per_bhk_computed PASSED [ 58%]
tests/test_features.py::TestRatioFeatures::test_plot_bhk_zero_no_division_error PASSED [ 59%]
tests/test_features.py::TestFloorFeatures::test_relative_floor_range PASSED [ 59%]
tests/test_features.py::TestFloorFeatures::test_top_floor_is_high PASSED [ 60%]
tests/test_features.py::TestFloorFeatures::test_ground_floor_not_high PASSED [ 60%]
tests/test_features.py::TestFloorFeatures::test_plot_floor_handling PASSED [ 61%]
tests/test_features.py::TestAgeBucket::test_under_construction_is_zero PASSED [ 61%]
tests/test_features.py::TestAgeBucket::test_zero_to_one_is_one PASSED    [ 61%]
tests/test_features.py::TestAgeBucket::test_one_to_five_is_two PASSED    [ 62%]
tests/test_features.py::TestAgeBucket::test_less_than_five_is_two PASSED [ 62%]
tests/test_features.py::TestAgeBucket::test_five_to_ten_is_three PASSED  [ 63%]
tests/test_features.py::TestAgeBucket::test_ten_plus_is_four PASSED      [ 63%]
tests/test_features.py::TestAgeBucket::test_unknown_defaults_to_two PASSED [ 64%]
tests/test_features.py::TestAgeBucket::test_plot_age_land_is_zero PASSED [ 64%]
tests/test_features.py::TestNearbyFlags::test_metro_flag PASSED          [ 65%]
tests/test_features.py::TestNearbyFlags::test_hospital_flag PASSED       [ 65%]
tests/test_features.py::TestNearbyFlags::test_school_flag PASSED         [ 66%]
tests/test_features.py::TestNearbyFlags::test_market_flag PASSED         [ 66%]
tests/test_features.py::TestNearbyFlags::test_park_flag PASSED           [ 66%]
tests/test_features.py::TestNearbyFlags::test_police_flag PASSED         [ 67%]
tests/test_features.py::TestNearbyFlags::test_no_match_returns_zero PASSED [ 67%]
tests/test_features.py::TestNearbyFlags::test_empty_returns_zeros PASSED [ 68%]
tests/test_features.py::TestNearbyFlags::test_nearby_score_computed PASSED [ 68%]
tests/test_features.py::TestNearbyFlags::test_is_well_served_threshold PASSED [ 69%]
tests/test_features.py::TestNearbyFlags::test_is_not_well_served_below_threshold PASSED [ 69%]
tests/test_features.py::TestOSMDistanceColumns::test_missing_columns_filled_with_minus_one PASSED [ 70%]
tests/test_features.py::TestOSMDistanceColumns::test_existing_values_preserved PASSED [ 70%]
tests/test_features.py::TestOSMDistanceColumns::test_invalid_values_replaced_with_minus_one PASSED [ 71%]
tests/test_features.py::TestValidateFeatures::test_clean_df_passes PASSED [ 71%]
tests/test_features.py::TestValidateFeatures::test_missing_feature_fails PASSED [ 72%]
tests/test_features.py::TestValidateFeatures::test_nan_column_fails PASSED [ 72%]
tests/test_features.py::TestValidateFeatures::test_inf_column_fails PASSED [ 72%]
tests/test_features.py::TestValidateFeatures::test_phase3_features_in_final_list PASSED [ 73%]
tests/test_model_gate.py::TestGateThresholds::test_passing_metrics_returns_true PASSED [ 73%]
tests/test_model_gate.py::TestGateThresholds::test_mape_above_threshold_fails PASSED [ 74%]
tests/test_model_gate.py::TestGateThresholds::test_r2_below_threshold_fails PASSED [ 74%]
tests/test_model_gate.py::TestGateThresholds::test_both_at_boundary_passes PASSED [ 75%]
tests/test_model_gate.py::TestGateThresholds::test_both_above_threshold_fails PASSED [ 75%]
tests/test_model_gate.py::TestGateThresholds::test_mape_just_below_gate_passes PASSED [ 76%]
tests/test_model_gate.py::TestGateThresholds::test_mape_just_above_gate_fails PASSED [ 76%]
tests/test_model_gate.py::TestGateThresholds::test_r2_just_above_gate_passes PASSED [ 77%]
tests/test_model_gate.py::TestGateThresholds::test_r2_just_below_gate_fails PASSED [ 77%]
tests/test_model_gate.py::TestMetricsJson::test_metrics_json_exists PASSED [ 77%]
tests/test_model_gate.py::TestMetricsJson::test_required_keys_present PASSED [ 78%]
tests/test_model_gate.py::TestMetricsJson::test_phase3_n_rows_present PASSED [ 78%]
tests/test_model_gate.py::TestMetricsJson::test_phase3_n_cities_is_13 PASSED [ 79%]
tests/test_model_gate.py::TestMetricsJson::test_phase3_feature_count_present PASSED [ 79%]
tests/test_model_gate.py::TestMetricsJson::test_phase3_city_mapes_present PASSED [ 80%]
tests/test_model_gate.py::TestMetricsJson::test_phase3_tier_weights_present PASSED [ 80%]
tests/test_model_gate.py::TestMetricsJson::test_ensemble_weights_sum_to_one PASSED [ 81%]
tests/test_model_gate.py::TestMetricsJson::test_mape_below_threshold PASSED [ 81%]
tests/test_model_gate.py::TestMetricsJson::test_r2_above_threshold PASSED [ 82%]
tests/test_model_gate.py::TestMetricsJson::test_production_gate_is_pass PASSED [ 82%]
tests/test_model_gate.py::TestMetricsJson::test_improvement_over_baseline_positive PASSED [ 83%]
tests/test_model_gate.py::TestMetricsJson::test_no_city_mape_above_40 PASSED [ 83%]
tests/test_model_gate.py::TestMetricsJson::test_best_city_mape_below_20 PASSED [ 83%]
tests/test_model_gate.py::TestMetricsJson::test_n_rows_above_20k PASSED  [ 84%]
tests/test_parsers.py::TestParsePrice::test_crore_string PASSED          [ 84%]
tests/test_parsers.py::TestParsePrice::test_lakh_string PASSED           [ 85%]
tests/test_parsers.py::TestParsePrice::test_raw_rupees PASSED            [ 85%]
tests/test_parsers.py::TestParsePrice::test_price_on_request PASSED      [ 86%]
tests/test_parsers.py::TestParsePrice::test_empty_string PASSED          [ 86%]
tests/test_parsers.py::TestParsePrice::test_crore_no_symbol PASSED       [ 87%]
tests/test_parsers.py::TestParsePrice::test_lakh_full_word PASSED        [ 87%]
tests/test_parsers.py::TestParseArea::test_sqft PASSED                   [ 88%]
tests/test_parsers.py::TestParseArea::test_sqm PASSED                    [ 88%]
tests/test_parsers.py::TestParseArea::test_range PASSED                  [ 88%]
tests/test_parsers.py::TestParseArea::test_bigha PASSED                  [ 89%]
tests/test_parsers.py::TestParseArea::test_plain_number PASSED           [ 89%]
tests/test_parsers.py::TestParseArea::test_empty PASSED                  [ 90%]
tests/test_parsers.py::TestParseFloor::test_out_of_format PASSED         [ 90%]
tests/test_parsers.py::TestParseFloor::test_ground_out_of PASSED         [ 91%]
tests/test_parsers.py::TestParseFloor::test_ground_only PASSED           [ 91%]
tests/test_parsers.py::TestParseFloor::test_g_abbreviation PASSED        [ 92%]
tests/test_parsers.py::TestParseFloor::test_six_plus PASSED              [ 92%]
tests/test_parsers.py::TestParseFloor::test_non_breaking_space PASSED    [ 93%]
tests/test_parsers.py::TestParseFloor::test_empty PASSED                 [ 93%]
tests/test_validation.py::TestCleanDataPasses::test_all_checks_pass_on_clean_data PASSED [ 94%]
tests/test_validation.py::TestCleanDataPasses::test_noida_passes_with_correct_city PASSED [ 94%]
tests/test_validation.py::TestCriticalFailures::test_empty_dataframe_fails PASSED [ 94%]
tests/test_validation.py::TestCriticalFailures::test_missing_price_column_fails PASSED [ 95%]
tests/test_validation.py::TestCriticalFailures::test_missing_area_column_fails PASSED [ 95%]
tests/test_validation.py::TestCriticalFailures::test_all_prices_null_fails PASSED [ 96%]
tests/test_validation.py::TestCriticalFailures::test_missing_required_columns_fails PASSED [ 96%]
tests/test_validation.py::TestWarnings::test_wrong_city_in_column_is_warning PASSED [ 97%]
tests/test_validation.py::TestWarnings::test_high_facing_nulls_is_warning_not_critical PASSED [ 97%]
tests/test_validation.py::TestWarnings::test_unknown_property_type_is_warning PASSED [ 98%]
tests/test_validation.py::TestWarnings::test_out_of_range_bhk_is_warning PASSED [ 98%]
tests/test_validation.py::TestWarnings::test_duplicate_property_ids_is_warning PASSED [ 99%]
tests/test_validation.py::TestPricePerSqft::test_valid_ppsf_passes PASSED [ 99%]
tests/test_validation.py::TestPricePerSqft::test_impossible_ppsf_triggers_warning PASSED [100%]

============================== warnings summary ===============================
tests/test_api.py::TestRootEndpoint::test_root_returns_200
  <frozen importlib._bootstrap>:241: RuntimeWarning: numpy.ufunc size changed, may indicate binary incompatibility. Expected 216 from C header, got 232 from PyObject

tests/test_validation.py::TestCriticalFailures::test_all_prices_null_fails
  C:\Users\rs577\miniconda3\envs\multi_city\lib\site-packages\numpy\lib\nanfunctions.py:1215: RuntimeWarning: Mean of empty slice
    return np.nanmean(a, axis, out=out, keepdims=keepdims)

-- Docs: https://docs.pytest.org/en/stable/how-to/capture-warnings.html
====================== 218 passed, 2 warnings in 19.71s =======================
